# JRE version: OpenJDK Runtime Environment (7.0_55-b14) (build 1.7.0_55-b14)
# Java VM: OpenJDK 64-Bit Server VM (24.51-b03 mixed mode linux-amd64 compressed oops)
Heap
 PSYoungGen      total 129536K, used 10720K [0x00000000ec300000, 0x00000000f4c00000, 0x0000000100000000)
  eden space 118784K, 0% used [0x00000000ec300000,0x00000000ec300000,0x00000000f3700000)
  from space 10752K, 99% used [0x00000000f4180000,0x00000000f4bf83d0,0x00000000f4c00000)
  to   space 9728K, 0% used [0x00000000f3780000,0x00000000f3780000,0x00000000f4100000)
 ParOldGen       total 40448K, used 29623K [0x00000000c4a00000, 0x00000000c7180000, 0x00000000ec300000)
  object space 40448K, 73% used [0x00000000c4a00000,0x00000000c66edd90,0x00000000c7180000)
 PSPermGen       total 26112K, used 26088K [0x00000000ba400000, 0x00000000bbd80000, 0x00000000c4a00000)
  object space 26112K, 99% used [0x00000000ba400000,0x00000000bbd7a350,0x00000000bbd80000)
GC Heap History (10 events):
Event: 1,883 GC heap after
Heap after GC invocations=3 (full 0):
 PSYoungGen      total 33280K, used 2531K [0x00000000ec300000, 0x00000000f0400000, 0x0000000100000000)
  eden space 30720K, 0% used [0x00000000ec300000,0x00000000ec300000,0x00000000ee100000)
  from space 2560K, 98% used [0x00000000ee100000,0x00000000ee378c28,0x00000000ee380000)
  to   space 2560K, 0% used [0x00000000f0180000,0x00000000f0180000,0x00000000f0400000)
 ParOldGen       total 40448K, used 2728K [0x00000000c4a00000, 0x00000000c7180000, 0x00000000ec300000)
  object space 40448K, 6% used [0x00000000c4a00000,0x00000000c4caa108,0x00000000c7180000)
 PSPermGen       total 21504K, used 10793K [0x00000000ba400000, 0x00000000bb900000, 0x00000000c4a00000)
  object space 21504K, 50% used [0x00000000ba400000,0x00000000bae8a690,0x00000000bb900000)
}
Event: 2,691 GC heap before
{Heap before GC invocations=4 (full 0):
 PSYoungGen      total 33280K, used 33251K [0x00000000ec300000, 0x00000000f0400000, 0x0000000100000000)
  eden space 30720K, 100% used [0x00000000ec300000,0x00000000ee100000,0x00000000ee100000)
  from space 2560K, 98% used [0x00000000ee100000,0x00000000ee378c28,0x00000000ee380000)
  to   space 2560K, 0% used [0x00000000f0180000,0x00000000f0180000,0x00000000f0400000)
 ParOldGen       total 40448K, used 2728K [0x00000000c4a00000, 0x00000000c7180000, 0x00000000ec300000)
  object space 40448K, 6% used [0x00000000c4a00000,0x00000000c4caa108,0x00000000c7180000)
 PSPermGen       total 21504K, used 15261K [0x00000000ba400000, 0x00000000bb900000, 0x00000000c4a00000)
  object space 21504K, 70% used [0x00000000ba400000,0x00000000bb2e7680,0x00000000bb900000)
Event: 2,703 GC heap after
Heap after GC invocations=4 (full 0):
 PSYoungGen      total 64000K, used 2544K [0x00000000ec300000, 0x00000000f0400000, 0x0000000100000000)
  eden space 61440K, 0% used [0x00000000ec300000,0x00000000ec300000,0x00000000eff00000)
  from space 2560K, 99% used [0x00000000f0180000,0x00000000f03fc010,0x00000000f0400000)
  to   space 2560K, 0% used [0x00000000eff00000,0x00000000eff00000,0x00000000f0180000)
 ParOldGen       total 40448K, used 7019K [0x00000000c4a00000, 0x00000000c7180000, 0x00000000ec300000)
  object space 40448K, 17% used [0x00000000c4a00000,0x00000000c50dad58,0x00000000c7180000)
 PSPermGen       total 21504K, used 15261K [0x00000000ba400000, 0x00000000bb900000, 0x00000000c4a00000)
  object space 21504K, 70% used [0x00000000ba400000,0x00000000bb2e7680,0x00000000bb900000)
}
Event: 8,502 GC heap before
{Heap before GC invocations=5 (full 0):
 PSYoungGen      total 64000K, used 63984K [0x00000000ec300000, 0x00000000f0400000, 0x0000000100000000)
  eden space 61440K, 100% used [0x00000000ec300000,0x00000000eff00000,0x00000000eff00000)
  from space 2560K, 99% used [0x00000000f0180000,0x00000000f03fc010,0x00000000f0400000)
  to   space 2560K, 0% used [0x00000000eff00000,0x00000000eff00000,0x00000000f0180000)
 ParOldGen       total 40448K, used 7019K [0x00000000c4a00000, 0x00000000c7180000, 0x00000000ec300000)
  object space 40448K, 17% used [0x00000000c4a00000,0x00000000c50dad58,0x00000000c7180000)
 PSPermGen       total 21504K, used 19204K [0x00000000ba400000, 0x00000000bb900000, 0x00000000c4a00000)
  object space 21504K, 89% used [0x00000000ba400000,0x00000000bb6c1260,0x00000000bb900000)
Event: 8,518 GC heap after
Heap after GC invocations=5 (full 0):
 PSYoungGen      total 64000K, used 2560K [0x00000000ec300000, 0x00000000f4f00000, 0x0000000100000000)
  eden space 61440K, 0% used [0x00000000ec300000,0x00000000ec300000,0x00000000eff00000)
  from space 2560K, 100% used [0x00000000eff00000,0x00000000f0180000,0x00000000f0180000)
  to   space 10240K, 0% used [0x00000000f4500000,0x00000000f4500000,0x00000000f4f00000)
 ParOldGen       total 40448K, used 13291K [0x00000000c4a00000, 0x00000000c7180000, 0x00000000ec300000)
  object space 40448K, 32% used [0x00000000c4a00000,0x00000000c56fac70,0x00000000c7180000)
 PSPermGen       total 21504K, used 19204K [0x00000000ba400000, 0x00000000bb900000, 0x00000000c4a00000)
  object space 21504K, 89% used [0x00000000ba400000,0x00000000bb6c1260,0x00000000bb900000)
}
Event: 12,875 GC heap before
{Heap before GC invocations=6 (full 0):
 PSYoungGen      total 64000K, used 64000K [0x00000000ec300000, 0x00000000f4f00000, 0x0000000100000000)
  eden space 61440K, 100% used [0x00000000ec300000,0x00000000eff00000,0x00000000eff00000)
  from space 2560K, 100% used [0x00000000eff00000,0x00000000f0180000,0x00000000f0180000)
  to   space 10240K, 0% used [0x00000000f4500000,0x00000000f4500000,0x00000000f4f00000)
 ParOldGen       total 40448K, used 13291K [0x00000000c4a00000, 0x00000000c7180000, 0x00000000ec300000)
  object space 40448K, 32% used [0x00000000c4a00000,0x00000000c56fac70,0x00000000c7180000)
 PSPermGen       total 21504K, used 19385K [0x00000000ba400000, 0x00000000bb900000, 0x00000000c4a00000)
  object space 21504K, 90% used [0x00000000ba400000,0x00000000bb6ee628,0x00000000bb900000)
Event: 12,888 GC heap after
Heap after GC invocations=6 (full 0):
 PSYoungGen      total 65024K, used 5521K [0x00000000ec300000, 0x00000000f4a80000, 0x0000000100000000)
  eden space 59392K, 0% used [0x00000000ec300000,0x00000000ec300000,0x00000000efd00000)
  from space 5632K, 98% used [0x00000000f4500000,0x00000000f4a64690,0x00000000f4a80000)
  to   space 9728K, 0% used [0x00000000f3780000,0x00000000f3780000,0x00000000f4100000)
 ParOldGen       total 40448K, used 13291K [0x00000000c4a00000, 0x00000000c7180000, 0x00000000ec300000)
  object space 40448K, 32% used [0x00000000c4a00000,0x00000000c56fac70,0x00000000c7180000)
 PSPermGen       total 21504K, used 19385K [0x00000000ba400000, 0x00000000bb900000, 0x00000000c4a00000)
  object space 21504K, 90% used [0x00000000ba400000,0x00000000bb6ee628,0x00000000bb900000)
}
Event: 13,882 GC heap before
{Heap before GC invocations=7 (full 0):
 PSYoungGen      total 65024K, used 64913K [0x00000000ec300000, 0x00000000f4a80000, 0x0000000100000000)
  eden space 59392K, 100% used [0x00000000ec300000,0x00000000efd00000,0x00000000efd00000)
  from space 5632K, 98% used [0x00000000f4500000,0x00000000f4a64690,0x00000000f4a80000)
  to   space 9728K, 0% used [0x00000000f3780000,0x00000000f3780000,0x00000000f4100000)
 ParOldGen       total 40448K, used 13291K [0x00000000c4a00000, 0x00000000c7180000, 0x00000000ec300000)
  object space 40448K, 32% used [0x00000000c4a00000,0x00000000c56fac70,0x00000000c7180000)
 PSPermGen       total 21504K, used 19949K [0x00000000ba400000, 0x00000000bb900000, 0x00000000c4a00000)
  object space 21504K, 92% used [0x00000000ba400000,0x00000000bb77b7f8,0x00000000bb900000)
Event: 13,900 GC heap after
Heap after GC invocations=7 (full 0):
 PSYoungGen      total 128512K, used 8763K [0x00000000ec300000, 0x00000000f4c00000, 0x0000000100000000)
  eden space 118784K, 0% used [0x00000000ec300000,0x00000000ec300000,0x00000000f3700000)
  from space 9728K, 90% used [0x00000000f3780000,0x00000000f400ee20,0x00000000f4100000)
  to   space 10752K, 0% used [0x00000000f4180000,0x00000000f4180000,0x00000000f4c00000)
 ParOldGen       total 40448K, used 13715K [0x00000000c4a00000, 0x00000000c7180000, 0x00000000ec300000)
  object space 40448K, 33% used [0x00000000c4a00000,0x00000000c5764c70,0x00000000c7180000)
 PSPermGen       total 21504K, used 19949K [0x00000000ba400000, 0x00000000bb900000, 0x00000000c4a00000)
  object space 21504K, 92% used [0x00000000ba400000,0x00000000bb77b7f8,0x00000000bb900000)
}
Event: 16,674 GC heap before
{Heap before GC invocations=8 (full 0):
 PSYoungGen      total 128512K, used 127547K [0x00000000ec300000, 0x00000000f4c00000, 0x0000000100000000)
  eden space 118784K, 100% used [0x00000000ec300000,0x00000000f3700000,0x00000000f3700000)
  from space 9728K, 90% used [0x00000000f3780000,0x00000000f400ee20,0x00000000f4100000)
  to   space 10752K, 0% used [0x00000000f4180000,0x00000000f4180000,0x00000000f4c00000)
 ParOldGen       total 40448K, used 13715K [0x00000000c4a00000, 0x00000000c7180000, 0x00000000ec300000)
  object space 40448K, 33% used [0x00000000c4a00000,0x00000000c5764c70,0x00000000c7180000)
 PSPermGen       total 26112K, used 26088K [0x00000000ba400000, 0x00000000bbd80000, 0x00000000c4a00000)
  object space 26112K, 99% used [0x00000000ba400000,0x00000000bbd7a350,0x00000000bbd80000)

