# JRE version: OpenJDK Runtime Environment (7.0_55-b14) (build 1.7.0_55-b14)
# Java VM: OpenJDK 64-Bit Server VM (24.51-b03 mixed mode linux-amd64 compressed oops)
Heap
 PSYoungGen      total 129536K, used 10720K [0x00000000ec300000, 0x00000000f4e00000, 0x0000000100000000)
  eden space 118784K, 0% used [0x00000000ec300000,0x00000000ec300000,0x00000000f3700000)
  from space 10752K, 99% used [0x00000000f3700000,0x00000000f41783e0,0x00000000f4180000)
  to   space 8704K, 0% used [0x00000000f4180000,0x00000000f4180000,0x00000000f4a00000)
 ParOldGen       total 40448K, used 26008K [0x00000000c4a00000, 0x00000000c7180000, 0x00000000ec300000)
  object space 40448K, 64% used [0x00000000c4a00000,0x00000000c6366208,0x00000000c7180000)
 PSPermGen       total 22528K, used 22257K [0x00000000ba400000, 0x00000000bba00000, 0x00000000c4a00000)
  object space 22528K, 98% used [0x00000000ba400000,0x00000000bb9bc410,0x00000000bba00000)
GC Heap History (10 events):
Event: 1,907 GC heap after
Heap after GC invocations=4 (full 0):
 PSYoungGen      total 33280K, used 2553K [0x00000000ec300000, 0x00000000ee600000, 0x0000000100000000)
  eden space 30720K, 0% used [0x00000000ec300000,0x00000000ec300000,0x00000000ee100000)
  from space 2560K, 99% used [0x00000000ee380000,0x00000000ee5fe560,0x00000000ee600000)
  to   space 2560K, 0% used [0x00000000ee100000,0x00000000ee100000,0x00000000ee380000)
 ParOldGen       total 40448K, used 2223K [0x00000000c4a00000, 0x00000000c7180000, 0x00000000ec300000)
  object space 40448K, 5% used [0x00000000c4a00000,0x00000000c4c2bc80,0x00000000c7180000)
 PSPermGen       total 21504K, used 10823K [0x00000000ba400000, 0x00000000bb900000, 0x00000000c4a00000)
  object space 21504K, 50% used [0x00000000ba400000,0x00000000bae91f40,0x00000000bb900000)
}
Event: 3,015 GC heap before
{Heap before GC invocations=5 (full 0):
 PSYoungGen      total 33280K, used 33273K [0x00000000ec300000, 0x00000000ee600000, 0x0000000100000000)
  eden space 30720K, 100% used [0x00000000ec300000,0x00000000ee100000,0x00000000ee100000)
  from space 2560K, 99% used [0x00000000ee380000,0x00000000ee5fe560,0x00000000ee600000)
  to   space 2560K, 0% used [0x00000000ee100000,0x00000000ee100000,0x00000000ee380000)
 ParOldGen       total 40448K, used 2223K [0x00000000c4a00000, 0x00000000c7180000, 0x00000000ec300000)
  object space 40448K, 5% used [0x00000000c4a00000,0x00000000c4c2bc80,0x00000000c7180000)
 PSPermGen       total 21504K, used 13821K [0x00000000ba400000, 0x00000000bb900000, 0x00000000c4a00000)
  object space 21504K, 64% used [0x00000000ba400000,0x00000000bb17f600,0x00000000bb900000)
Event: 3,030 GC heap after
Heap after GC invocations=5 (full 0):
 PSYoungGen      total 33280K, used 2560K [0x00000000ec300000, 0x00000000f0a00000, 0x0000000100000000)
  eden space 30720K, 0% used [0x00000000ec300000,0x00000000ec300000,0x00000000ee100000)
  from space 2560K, 100% used [0x00000000ee100000,0x00000000ee380000,0x00000000ee380000)
  to   space 5632K, 0% used [0x00000000f0480000,0x00000000f0480000,0x00000000f0a00000)
 ParOldGen       total 40448K, used 5173K [0x00000000c4a00000, 0x00000000c7180000, 0x00000000ec300000)
  object space 40448K, 12% used [0x00000000c4a00000,0x00000000c4f0d7b8,0x00000000c7180000)
 PSPermGen       total 21504K, used 13821K [0x00000000ba400000, 0x00000000bb900000, 0x00000000c4a00000)
  object space 21504K, 64% used [0x00000000ba400000,0x00000000bb17f600,0x00000000bb900000)
}
Event: 3,622 GC heap before
{Heap before GC invocations=6 (full 0):
 PSYoungGen      total 33280K, used 33280K [0x00000000ec300000, 0x00000000f0a00000, 0x0000000100000000)
  eden space 30720K, 100% used [0x00000000ec300000,0x00000000ee100000,0x00000000ee100000)
  from space 2560K, 100% used [0x00000000ee100000,0x00000000ee380000,0x00000000ee380000)
  to   space 5632K, 0% used [0x00000000f0480000,0x00000000f0480000,0x00000000f0a00000)
 ParOldGen       total 40448K, used 5173K [0x00000000c4a00000, 0x00000000c7180000, 0x00000000ec300000)
  object space 40448K, 12% used [0x00000000c4a00000,0x00000000c4f0d7b8,0x00000000c7180000)
 PSPermGen       total 21504K, used 14042K [0x00000000ba400000, 0x00000000bb900000, 0x00000000c4a00000)
  object space 21504K, 65% used [0x00000000ba400000,0x00000000bb1b6840,0x00000000bb900000)
Event: 3,652 GC heap after
Heap after GC invocations=6 (full 0):
 PSYoungGen      total 66048K, used 5631K [0x00000000ec300000, 0x00000000f0c00000, 0x0000000100000000)
  eden space 60416K, 0% used [0x00000000ec300000,0x00000000ec300000,0x00000000efe00000)
  from space 5632K, 99% used [0x00000000f0480000,0x00000000f09ffdc8,0x00000000f0a00000)
  to   space 6656K, 0% used [0x00000000efe00000,0x00000000efe00000,0x00000000f0480000)
 ParOldGen       total 40448K, used 5173K [0x00000000c4a00000, 0x00000000c7180000, 0x00000000ec300000)
  object space 40448K, 12% used [0x00000000c4a00000,0x00000000c4f0d7b8,0x00000000c7180000)
 PSPermGen       total 21504K, used 14042K [0x00000000ba400000, 0x00000000bb900000, 0x00000000c4a00000)
  object space 21504K, 65% used [0x00000000ba400000,0x00000000bb1b6840,0x00000000bb900000)
}
Event: 4,814 GC heap before
{Heap before GC invocations=7 (full 0):
 PSYoungGen      total 66048K, used 66047K [0x00000000ec300000, 0x00000000f0c00000, 0x0000000100000000)
  eden space 60416K, 100% used [0x00000000ec300000,0x00000000efe00000,0x00000000efe00000)
  from space 5632K, 99% used [0x00000000f0480000,0x00000000f09ffdc8,0x00000000f0a00000)
  to   space 6656K, 0% used [0x00000000efe00000,0x00000000efe00000,0x00000000f0480000)
 ParOldGen       total 40448K, used 5173K [0x00000000c4a00000, 0x00000000c7180000, 0x00000000ec300000)
  object space 40448K, 12% used [0x00000000c4a00000,0x00000000c4f0d7b8,0x00000000c7180000)
 PSPermGen       total 21504K, used 14548K [0x00000000ba400000, 0x00000000bb900000, 0x00000000c4a00000)
  object space 21504K, 67% used [0x00000000ba400000,0x00000000bb235290,0x00000000bb900000)
Event: 4,845 GC heap after
Heap after GC invocations=7 (full 0):
 PSYoungGen      total 67072K, used 6656K [0x00000000ec300000, 0x00000000f4a00000, 0x0000000100000000)
  eden space 60416K, 0% used [0x00000000ec300000,0x00000000ec300000,0x00000000efe00000)
  from space 6656K, 100% used [0x00000000efe00000,0x00000000f0480000,0x00000000f0480000)
  to   space 8704K, 0% used [0x00000000f4180000,0x00000000f4180000,0x00000000f4a00000)
 ParOldGen       total 40448K, used 6937K [0x00000000c4a00000, 0x00000000c7180000, 0x00000000ec300000)
  object space 40448K, 17% used [0x00000000c4a00000,0x00000000c50c6758,0x00000000c7180000)
 PSPermGen       total 21504K, used 14548K [0x00000000ba400000, 0x00000000bb900000, 0x00000000c4a00000)
  object space 21504K, 67% used [0x00000000ba400000,0x00000000bb235290,0x00000000bb900000)
}
Event: 5,961 GC heap before
{Heap before GC invocations=8 (full 0):
 PSYoungGen      total 67072K, used 67072K [0x00000000ec300000, 0x00000000f4a00000, 0x0000000100000000)
  eden space 60416K, 100% used [0x00000000ec300000,0x00000000efe00000,0x00000000efe00000)
  from space 6656K, 100% used [0x00000000efe00000,0x00000000f0480000,0x00000000f0480000)
  to   space 8704K, 0% used [0x00000000f4180000,0x00000000f4180000,0x00000000f4a00000)
 ParOldGen       total 40448K, used 6937K [0x00000000c4a00000, 0x00000000c7180000, 0x00000000ec300000)
  object space 40448K, 17% used [0x00000000c4a00000,0x00000000c50c6758,0x00000000c7180000)
 PSPermGen       total 21504K, used 15906K [0x00000000ba400000, 0x00000000bb900000, 0x00000000c4a00000)
  object space 21504K, 73% used [0x00000000ba400000,0x00000000bb388920,0x00000000bb900000)
Event: 5,996 GC heap after
Heap after GC invocations=8 (full 0):
 PSYoungGen      total 127488K, used 8702K [0x00000000ec300000, 0x00000000f4e00000, 0x0000000100000000)
  eden space 118784K, 0% used [0x00000000ec300000,0x00000000ec300000,0x00000000f3700000)
  from space 8704K, 99% used [0x00000000f4180000,0x00000000f49ffb68,0x00000000f4a00000)
  to   space 10752K, 0% used [0x00000000f3700000,0x00000000f3700000,0x00000000f4180000)
 ParOldGen       total 40448K, used 8998K [0x00000000c4a00000, 0x00000000c7180000, 0x00000000ec300000)
  object space 40448K, 22% used [0x00000000c4a00000,0x00000000c52c9b20,0x00000000c7180000)
 PSPermGen       total 21504K, used 15906K [0x00000000ba400000, 0x00000000bb900000, 0x00000000c4a00000)
  object space 21504K, 73% used [0x00000000ba400000,0x00000000bb388920,0x00000000bb900000)
}
Event: 9,076 GC heap before
{Heap before GC invocations=9 (full 0):
 PSYoungGen      total 127488K, used 127486K [0x00000000ec300000, 0x00000000f4e00000, 0x0000000100000000)
  eden space 118784K, 100% used [0x00000000ec300000,0x00000000f3700000,0x00000000f3700000)
  from space 8704K, 99% used [0x00000000f4180000,0x00000000f49ffb68,0x00000000f4a00000)
  to   space 10752K, 0% used [0x00000000f3700000,0x00000000f3700000,0x00000000f4180000)
 ParOldGen       total 40448K, used 8998K [0x00000000c4a00000, 0x00000000c7180000, 0x00000000ec300000)
  object space 40448K, 22% used [0x00000000c4a00000,0x00000000c52c9b20,0x00000000c7180000)
 PSPermGen       total 22528K, used 22257K [0x00000000ba400000, 0x00000000bba00000, 0x00000000c4a00000)
  object space 22528K, 98% used [0x00000000ba400000,0x00000000bb9bc410,0x00000000bba00000)

