# JRE version: OpenJDK Runtime Environment (7.0_55-b14) (build 1.7.0_55-b14)
# Java VM: OpenJDK 64-Bit Server VM (24.51-b03 mixed mode linux-amd64 compressed oops)
Heap
 PSYoungGen      total 131072K, used 8688K [0x00000000ec300000, 0x00000000f4c00000, 0x0000000100000000)
  eden space 122368K, 0% used [0x00000000ec300000,0x00000000ec300000,0x00000000f3a80000)
  from space 8704K, 99% used [0x00000000f3a80000,0x00000000f42fc030,0x00000000f4300000)
  to   space 8192K, 0% used [0x00000000f4300000,0x00000000f4300000,0x00000000f4b00000)
 ParOldGen       total 40448K, used 24197K [0x00000000c4a00000, 0x00000000c7180000, 0x00000000ec300000)
  object space 40448K, 59% used [0x00000000c4a00000,0x00000000c61a1470,0x00000000c7180000)
 PSPermGen       total 21504K, used 20761K [0x00000000ba400000, 0x00000000bb900000, 0x00000000c4a00000)
  object space 21504K, 96% used [0x00000000ba400000,0x00000000bb846768,0x00000000bb900000)
GC Heap History (10 events):
Event: 1,073 GC heap after
Heap after GC invocations=2 (full 0):
 PSYoungGen      total 33280K, used 2244K [0x00000000ec300000, 0x00000000ee600000, 0x0000000100000000)
  eden space 30720K, 0% used [0x00000000ec300000,0x00000000ec300000,0x00000000ee100000)
  from space 2560K, 87% used [0x00000000ee380000,0x00000000ee5b12f0,0x00000000ee600000)
  to   space 2560K, 0% used [0x00000000ee100000,0x00000000ee100000,0x00000000ee380000)
 ParOldGen       total 40448K, used 590K [0x00000000c4a00000, 0x00000000c7180000, 0x00000000ec300000)
  object space 40448K, 1% used [0x00000000c4a00000,0x00000000c4a938f8,0x00000000c7180000)
 PSPermGen       total 21504K, used 7654K [0x00000000ba400000, 0x00000000bb900000, 0x00000000c4a00000)
  object space 21504K, 35% used [0x00000000ba400000,0x00000000bab79940,0x00000000bb900000)
}
Event: 1,797 GC heap before
{Heap before GC invocations=3 (full 0):
 PSYoungGen      total 33280K, used 32964K [0x00000000ec300000, 0x00000000ee600000, 0x0000000100000000)
  eden space 30720K, 100% used [0x00000000ec300000,0x00000000ee100000,0x00000000ee100000)
  from space 2560K, 87% used [0x00000000ee380000,0x00000000ee5b12f0,0x00000000ee600000)
  to   space 2560K, 0% used [0x00000000ee100000,0x00000000ee100000,0x00000000ee380000)
 ParOldGen       total 40448K, used 590K [0x00000000c4a00000, 0x00000000c7180000, 0x00000000ec300000)
  object space 40448K, 1% used [0x00000000c4a00000,0x00000000c4a938f8,0x00000000c7180000)
 PSPermGen       total 21504K, used 10794K [0x00000000ba400000, 0x00000000bb900000, 0x00000000c4a00000)
  object space 21504K, 50% used [0x00000000ba400000,0x00000000bae8a9a8,0x00000000bb900000)
Event: 1,808 GC heap after
Heap after GC invocations=3 (full 0):
 PSYoungGen      total 33280K, used 2528K [0x00000000ec300000, 0x00000000f0400000, 0x0000000100000000)
  eden space 30720K, 0% used [0x00000000ec300000,0x00000000ec300000,0x00000000ee100000)
  from space 2560K, 98% used [0x00000000ee100000,0x00000000ee378020,0x00000000ee380000)
  to   space 2560K, 0% used [0x00000000f0180000,0x00000000f0180000,0x00000000f0400000)
 ParOldGen       total 40448K, used 2713K [0x00000000c4a00000, 0x00000000c7180000, 0x00000000ec300000)
  object space 40448K, 6% used [0x00000000c4a00000,0x00000000c4ca66f0,0x00000000c7180000)
 PSPermGen       total 21504K, used 10794K [0x00000000ba400000, 0x00000000bb900000, 0x00000000c4a00000)
  object space 21504K, 50% used [0x00000000ba400000,0x00000000bae8a9a8,0x00000000bb900000)
}
Event: 2,900 GC heap before
{Heap before GC invocations=4 (full 0):
 PSYoungGen      total 33280K, used 33248K [0x00000000ec300000, 0x00000000f0400000, 0x0000000100000000)
  eden space 30720K, 100% used [0x00000000ec300000,0x00000000ee100000,0x00000000ee100000)
  from space 2560K, 98% used [0x00000000ee100000,0x00000000ee378020,0x00000000ee380000)
  to   space 2560K, 0% used [0x00000000f0180000,0x00000000f0180000,0x00000000f0400000)
 ParOldGen       total 40448K, used 2713K [0x00000000c4a00000, 0x00000000c7180000, 0x00000000ec300000)
  object space 40448K, 6% used [0x00000000c4a00000,0x00000000c4ca66f0,0x00000000c7180000)
 PSPermGen       total 21504K, used 13822K [0x00000000ba400000, 0x00000000bb900000, 0x00000000c4a00000)
  object space 21504K, 64% used [0x00000000ba400000,0x00000000bb17f8e0,0x00000000bb900000)
Event: 2,920 GC heap after
Heap after GC invocations=4 (full 0):
 PSYoungGen      total 64000K, used 2528K [0x00000000ec300000, 0x00000000f0400000, 0x0000000100000000)
  eden space 61440K, 0% used [0x00000000ec300000,0x00000000ec300000,0x00000000eff00000)
  from space 2560K, 98% used [0x00000000f0180000,0x00000000f03f8020,0x00000000f0400000)
  to   space 2560K, 0% used [0x00000000eff00000,0x00000000eff00000,0x00000000f0180000)
 ParOldGen       total 40448K, used 5719K [0x00000000c4a00000, 0x00000000c7180000, 0x00000000ec300000)
  object space 40448K, 14% used [0x00000000c4a00000,0x00000000c4f95f78,0x00000000c7180000)
 PSPermGen       total 21504K, used 13822K [0x00000000ba400000, 0x00000000bb900000, 0x00000000c4a00000)
  object space 21504K, 64% used [0x00000000ba400000,0x00000000bb17f8e0,0x00000000bb900000)
}
Event: 4,071 GC heap before
{Heap before GC invocations=5 (full 0):
 PSYoungGen      total 64000K, used 63968K [0x00000000ec300000, 0x00000000f0400000, 0x0000000100000000)
  eden space 61440K, 100% used [0x00000000ec300000,0x00000000eff00000,0x00000000eff00000)
  from space 2560K, 98% used [0x00000000f0180000,0x00000000f03f8020,0x00000000f0400000)
  to   space 2560K, 0% used [0x00000000eff00000,0x00000000eff00000,0x00000000f0180000)
 ParOldGen       total 40448K, used 5719K [0x00000000c4a00000, 0x00000000c7180000, 0x00000000ec300000)
  object space 40448K, 14% used [0x00000000c4a00000,0x00000000c4f95f78,0x00000000c7180000)
 PSPermGen       total 21504K, used 14117K [0x00000000ba400000, 0x00000000bb900000, 0x00000000c4a00000)
  object space 21504K, 65% used [0x00000000ba400000,0x00000000bb1c94d0,0x00000000bb900000)
Event: 4,084 GC heap after
Heap after GC invocations=5 (full 0):
 PSYoungGen      total 64000K, used 2560K [0x00000000ec300000, 0x00000000f4b00000, 0x0000000100000000)
  eden space 61440K, 0% used [0x00000000ec300000,0x00000000ec300000,0x00000000eff00000)
  from space 2560K, 100% used [0x00000000eff00000,0x00000000f0180000,0x00000000f0180000)
  to   space 8192K, 0% used [0x00000000f4300000,0x00000000f4300000,0x00000000f4b00000)
 ParOldGen       total 40448K, used 10122K [0x00000000c4a00000, 0x00000000c7180000, 0x00000000ec300000)
  object space 40448K, 25% used [0x00000000c4a00000,0x00000000c53e2aa8,0x00000000c7180000)
 PSPermGen       total 21504K, used 14117K [0x00000000ba400000, 0x00000000bb900000, 0x00000000c4a00000)
  object space 21504K, 65% used [0x00000000ba400000,0x00000000bb1c94d0,0x00000000bb900000)
}
Event: 5,131 GC heap before
{Heap before GC invocations=6 (full 0):
 PSYoungGen      total 64000K, used 64000K [0x00000000ec300000, 0x00000000f4b00000, 0x0000000100000000)
  eden space 61440K, 100% used [0x00000000ec300000,0x00000000eff00000,0x00000000eff00000)
  from space 2560K, 100% used [0x00000000eff00000,0x00000000f0180000,0x00000000f0180000)
  to   space 8192K, 0% used [0x00000000f4300000,0x00000000f4300000,0x00000000f4b00000)
 ParOldGen       total 40448K, used 10122K [0x00000000c4a00000, 0x00000000c7180000, 0x00000000ec300000)
  object space 40448K, 25% used [0x00000000c4a00000,0x00000000c53e2aa8,0x00000000c7180000)
 PSPermGen       total 21504K, used 14586K [0x00000000ba400000, 0x00000000bb900000, 0x00000000c4a00000)
  object space 21504K, 67% used [0x00000000ba400000,0x00000000bb23eb30,0x00000000bb900000)
Event: 5,153 GC heap after
Heap after GC invocations=6 (full 0):
 PSYoungGen      total 130560K, used 6048K [0x00000000ec300000, 0x00000000f4c00000, 0x0000000100000000)
  eden space 122368K, 0% used [0x00000000ec300000,0x00000000ec300000,0x00000000f3a80000)
  from space 8192K, 73% used [0x00000000f4300000,0x00000000f48e8000,0x00000000f4b00000)
  to   space 8704K, 0% used [0x00000000f3a80000,0x00000000f3a80000,0x00000000f4300000)
 ParOldGen       total 40448K, used 10122K [0x00000000c4a00000, 0x00000000c7180000, 0x00000000ec300000)
  object space 40448K, 25% used [0x00000000c4a00000,0x00000000c53e2aa8,0x00000000c7180000)
 PSPermGen       total 21504K, used 14586K [0x00000000ba400000, 0x00000000bb900000, 0x00000000c4a00000)
  object space 21504K, 67% used [0x00000000ba400000,0x00000000bb23eb30,0x00000000bb900000)
}
Event: 9,206 GC heap before
{Heap before GC invocations=7 (full 0):
 PSYoungGen      total 130560K, used 128416K [0x00000000ec300000, 0x00000000f4c00000, 0x0000000100000000)
  eden space 122368K, 100% used [0x00000000ec300000,0x00000000f3a80000,0x00000000f3a80000)
  from space 8192K, 73% used [0x00000000f4300000,0x00000000f48e8000,0x00000000f4b00000)
  to   space 8704K, 0% used [0x00000000f3a80000,0x00000000f3a80000,0x00000000f4300000)
 ParOldGen       total 40448K, used 10122K [0x00000000c4a00000, 0x00000000c7180000, 0x00000000ec300000)
  object space 40448K, 25% used [0x00000000c4a00000,0x00000000c53e2aa8,0x00000000c7180000)
 PSPermGen       total 21504K, used 20761K [0x00000000ba400000, 0x00000000bb900000, 0x00000000c4a00000)
  object space 21504K, 96% used [0x00000000ba400000,0x00000000bb846768,0x00000000bb900000)

